2019-03-18 10:28:24 INFO  AppDriver:573 - Checking Database For Employees
2019-03-18 10:28:26 INFO  AppDriver:25 - Initialization complete
2019-03-18 10:28:42 INFO  AppDriver:637 - Employee Login Attempted
2019-03-18 10:28:42 INFO  AppDriver:398 - Employee Login Successful
2019-03-18 10:28:54 INFO  AppDriver:447 - Account updated
2019-03-18 10:29:32 INFO  AppDriver:488 - Account Withdrawal Attempted
2019-03-18 10:29:52 INFO  AppDriver:504 - Account deposit attempted
2019-03-18 10:29:55 INFO  AppDriver:509 - Deposit Transaction Completed
2019-03-18 10:47:46 INFO  AppDriver:573 - Checking Database For Employees
2019-03-18 10:47:48 INFO  AppDriver:25 - Initialization complete
2019-03-18 10:48:31 INFO  AppDriver:637 - Employee Login Attempted
2019-03-18 10:48:32 INFO  AppDriver:398 - Employee Login Successful
2019-03-18 10:49:03 INFO  AppDriver:447 - Account updated
2019-03-18 10:51:07 INFO  AppDriver:504 - Account deposit attempted
2019-03-18 10:51:15 INFO  AppDriver:509 - Deposit Transaction Completed
2019-03-18 11:10:05 INFO  AppDriver:458 - Checking Database For Employees
2019-03-18 11:10:06 INFO  AppDriver:25 - Initialization complete
2019-03-18 11:10:25 INFO  AppDriver:522 - Employee Login Attempted
2019-03-18 11:10:26 INFO  AppDriver:398 - Employee Login Successful
2019-03-18 11:35:41 INFO  AppDriver:473 - Checking Database For Employees
2019-03-18 11:35:42 INFO  AppDriver:25 - Initialization complete
2019-03-18 11:36:04 INFO  AppDriver:537 - Employee Login Attempted
2019-03-18 11:36:05 INFO  AppDriver:398 - Employee Login Successful
2019-03-18 11:44:59 INFO  AppDriver:576 - Checking Database For Employees
2019-03-18 11:45:00 INFO  AppDriver:25 - Initialization complete
2019-03-18 11:45:14 INFO  AppDriver:640 - Employee Login Attempted
2019-03-18 11:45:14 INFO  AppDriver:398 - Employee Login Successful
2019-03-18 11:51:04 INFO  AppDriver:576 - Checking Database For Employees
2019-03-18 11:51:05 INFO  AppDriver:25 - Initialization complete
2019-03-18 11:51:24 INFO  AppDriver:640 - Employee Login Attempted
2019-03-18 11:51:24 INFO  AppDriver:398 - Employee Login Successful
2019-03-18 11:52:00 INFO  AppDriver:446 - Account updated
2019-03-18 11:57:40 INFO  AppDriver:447 - Account updated
2019-03-18 12:35:07 INFO  AppDriver:446 - Account updated
2019-03-18 12:36:00 INFO  AppDriver:447 - Account updated
2019-03-18 12:37:28 INFO  AppDriver:573 - Checking Database For Employees
2019-03-18 12:37:29 INFO  AppDriver:25 - Initialization complete
2019-03-18 12:37:46 INFO  AppDriver:637 - Employee Login Attempted
2019-03-18 12:37:46 INFO  AppDriver:398 - Employee Login Successful
2019-03-18 12:37:58 INFO  AppDriver:446 - Account updated
2019-03-18 12:40:25 INFO  AppDriver:503 - Account deposit attempted
2019-03-18 12:40:29 INFO  AppDriver:508 - Deposit Transaction Completed
2019-03-18 12:41:35 INFO  AppDriver:446 - Account updated
2019-03-18 12:42:03 INFO  AppDriver:447 - Account updated
2019-03-18 12:42:20 INFO  AppDriver:487 - Account Withdrawal Attempted
2019-03-18 12:42:24 INFO  AppDriver:497 - Withdraw Transaction Successful
2019-03-18 12:42:42 INFO  AppDriver:447 - Account updated
2019-03-18 12:43:08 INFO  AppDriver:514 - Account will be deleted
2019-03-18 12:43:09 INFO  AppDriver:516 - Account deleted
