2019-03-20 09:16:48 INFO  Main:36 - Main.java started running.

2019-03-18 12:20:55 INFO  Main:31 - this is info2019-03-20 09:17:46 INFO  Main:36 - Main.java started running.

2019-03-18 12:20:55 INFO  Main:31 - this is info2019-03-20 09:27:27 INFO  Main:36 - Main.java started running.

2019-03-18 12:20:55 INFO  Main:31 - this is info2019-03-20 09:36:35 INFO  Main:36 - Main.java started running.

2019-03-18 12:20:55 INFO  Main:31 - this is info2019-03-20 09:38:32 INFO  Main:181 - Employee logged in with name: "Randy Marsh"
2019-03-18 12:20:55 INFO  Main:31 - this is info2019-03-20 10:09:23 INFO  Main:793 - System Exited
2019-03-18 12:20:55 INFO  Main:31 - this is info2019-03-20 10:09:23 INFO  Main:368 - Employee: Randy Exited the System.
2019-03-18 12:20:55 INFO  Main:31 - this is info2019-03-20 10:15:29 INFO  Main:36 - Main.java started running.

2019-03-18 12:20:55 INFO  Main:31 - this is info2019-03-20 10:20:01 WARN  Main:190 - Failed Login attemp using name: "Randy", and password "test"
2019-03-18 12:20:55 INFO  Main:31 - this is info2019-03-20 10:20:12 WARN  Main:190 - Failed Login attemp using name: "Randy", and password "test"
2019-03-18 12:20:55 INFO  Main:31 - this is info2019-03-20 10:20:30 INFO  Main:181 - Employee logged in with name: "Randy Marsh"
2019-03-18 12:20:55 INFO  Main:31 - this is info2019-03-20 10:21:21 INFO  Main:817 - System Exited
2019-03-18 12:20:55 INFO  Main:31 - this is info2019-03-20 10:21:21 INFO  Main:368 - Employee: Randy Exited the System.
2019-03-18 12:20:55 INFO  Main:31 - this is info2019-03-20 10:21:26 INFO  Main:36 - Main.java started running.

2019-03-18 12:20:55 INFO  Main:31 - this is info2019-03-20 10:21:49 INFO  Main:181 - Employee logged in with name: "Randy Marsh"
2019-03-18 12:20:55 INFO  Main:31 - this is info2019-03-20 10:31:07 INFO  Main:817 - System Exited
2019-03-18 12:20:55 INFO  Main:31 - this is info2019-03-20 10:31:07 INFO  Main:368 - Employee: Randy Exited the System.
2019-03-18 12:20:55 INFO  Main:31 - this is info2019-03-20 10:31:22 INFO  Main:36 - Main.java started running.

2019-03-18 12:20:55 INFO  Main:31 - this is info2019-03-20 10:31:54 WARN  Main:190 - Failed Login attemp using name: "Randy", and password "test"
2019-03-18 12:20:55 INFO  Main:31 - this is info2019-03-20 10:32:01 INFO  Main:181 - Employee logged in with name: "Randy Marsh"
2019-03-18 12:20:55 INFO  Main:31 - this is info2019-03-20 10:32:11 INFO  Main:817 - System Exited
2019-03-18 12:20:55 INFO  Main:31 - this is info2019-03-20 10:32:11 INFO  Main:368 - Employee: Randy Exited the System.
2019-03-18 12:20:55 INFO  Main:31 - this is info2019-03-20 10:32:29 INFO  Main:36 - Main.java started running.

2019-03-18 12:20:55 INFO  Main:31 - this is info2019-03-20 10:33:35 INFO  Main:181 - Employee logged in with name: "Erik Cartman"
2019-03-18 12:20:55 INFO  Main:31 - this is info2019-03-20 10:35:09 INFO  Main:817 - System Exited
2019-03-18 12:20:55 INFO  Main:31 - this is info2019-03-20 10:35:15 INFO  Main:36 - Main.java started running.

2019-03-18 12:20:55 INFO  Main:31 - this is info2019-03-20 10:35:31 INFO  Main:141 - Customer logged in with name: "Bobby mouse"
2019-03-18 12:20:55 INFO  Main:31 - this is info2019-03-20 10:35:56 INFO  Main:36 - Main.java started running.

2019-03-18 12:20:55 INFO  Main:31 - this is info2019-03-20 10:36:23 WARN  Main:160 - Failed Login attemp using name: "3", and password "d"
2019-03-18 12:20:55 INFO  Main:31 - this is info2019-03-20 10:36:27 INFO  Main:793 - System Exited
2019-03-18 12:20:55 INFO  Main:31 - this is info2019-03-20 10:36:31 INFO  Main:36 - Main.java started running.

2019-03-18 12:20:55 INFO  Main:31 - this is info2019-03-20 10:38:27 INFO  Main:36 - Main.java started running.

2019-03-18 12:20:55 INFO  Main:31 - this is info2019-03-20 10:38:54 INFO  Main:141 - Customer logged in with name: "Kyle Broflovski"
2019-03-18 12:20:55 INFO  Main:31 - this is info2019-03-20 10:39:07 INFO  Main:793 - System Exited
2019-03-18 12:20:55 INFO  Main:31 - this is info2019-03-20 10:39:25 INFO  Main:36 - Main.java started running.

2019-03-18 12:20:55 INFO  Main:31 - this is info2019-03-20 10:39:45 WARN  Main:190 - Failed Login attemp using name: "Randy", and password "test"
2019-03-18 12:20:55 INFO  Main:31 - this is info2019-03-20 10:39:57 WARN  Main:190 - Failed Login attemp using name: "Randy", and password "test"
2019-03-18 12:20:55 INFO  Main:31 - this is info2019-03-20 10:40:02 INFO  Main:181 - Employee logged in with name: "Randy Marsh"
2019-03-18 12:20:55 INFO  Main:31 - this is info2019-03-20 10:41:15 INFO  Main:817 - System Exited
2019-03-18 12:20:55 INFO  Main:31 - this is info2019-03-20 10:41:15 INFO  Main:368 - Employee: Randy Exited the System.
2019-03-18 12:20:55 INFO  Main:31 - this is info2019-03-20 10:41:17 INFO  Main:36 - Main.java started running.

2019-03-18 12:20:55 INFO  Main:31 - this is info2019-03-20 10:41:55 INFO  Main:181 - Employee logged in with name: "Randy Marsh"
2019-03-18 12:20:55 INFO  Main:31 - this is info2019-03-20 10:42:00 INFO  Main:817 - System Exited
2019-03-18 12:20:55 INFO  Main:31 - this is info2019-03-20 10:42:00 INFO  Main:368 - Employee: Randy Exited the System.
2019-03-18 12:20:55 INFO  Main:31 - this is info2019-03-20 10:42:02 INFO  Main:36 - Main.java started running.

2019-03-18 12:20:55 INFO  Main:31 - this is info2019-03-20 10:42:32 INFO  Main:141 - Customer logged in with name: "Kyle Broflovski"
2019-03-18 12:20:55 INFO  Main:31 - this is info2019-03-20 10:42:58 INFO  Main:36 - Main.java started running.

2019-03-18 12:20:55 INFO  Main:31 - this is info2019-03-20 10:43:12 INFO  Main:141 - Customer logged in with name: "Kyle Broflovski"
2019-03-18 12:20:55 INFO  Main:31 - this is info2019-03-20 10:43:19 INFO  Main:36 - Main.java started running.

2019-03-18 12:20:55 INFO  Main:31 - this is info2019-03-20 10:43:33 INFO  Main:181 - Employee logged in with name: "Randy Marsh"
2019-03-18 12:20:55 INFO  Main:31 - this is info2019-03-20 10:44:14 INFO  Main:36 - Main.java started running.

2019-03-18 12:20:55 INFO  Main:31 - this is info2019-03-20 10:44:24 WARN  Main:190 - Failed Login attemp using name: "Randy", and password "test"
2019-03-18 12:20:55 INFO  Main:31 - this is info2019-03-20 10:44:32 INFO  Main:181 - Employee logged in with name: "Randy Marsh"
2019-03-18 12:20:55 INFO  Main:31 - this is info2019-03-20 10:44:41 INFO  Main:817 - System Exited
2019-03-18 12:20:55 INFO  Main:31 - this is info2019-03-20 10:44:41 INFO  Main:368 - Employee: Randy Exited the System.
2019-03-18 12:20:55 INFO  Main:31 - this is info2019-03-20 10:44:44 INFO  Main:36 - Main.java started running.

2019-03-18 12:20:55 INFO  Main:31 - this is info2019-03-20 10:44:56 INFO  Main:181 - Employee logged in with name: "Randy Marsh"
2019-03-18 12:20:55 INFO  Main:31 - this is info2019-03-20 10:46:59 INFO  Main:305 - Employee: 1, ID: Randy approved account for: "Bobby mouse"
2019-03-18 12:20:55 INFO  Main:31 - this is info2019-03-20 10:47:49 INFO  Main:817 - System Exited
2019-03-18 12:20:55 INFO  Main:31 - this is info2019-03-20 10:47:49 INFO  Main:368 - Employee: Randy Exited the System.
2019-03-18 12:20:55 INFO  Main:31 - this is info2019-03-20 10:47:53 INFO  Main:36 - Main.java started running.

2019-03-18 12:20:55 INFO  Main:31 - this is info2019-03-20 10:48:03 INFO  Main:181 - Employee logged in with name: "Randy Marsh"
2019-03-18 12:20:55 INFO  Main:31 - this is info2019-03-20 11:00:35 INFO  Main:817 - System Exited
2019-03-18 12:20:55 INFO  Main:31 - this is info2019-03-20 11:00:35 INFO  Main:368 - Employee: Randy Exited the System.
2019-03-18 12:20:55 INFO  Main:31 - this is info2019-03-20 11:00:38 INFO  Main:36 - Main.java started running.

2019-03-18 12:20:55 INFO  Main:31 - this is info2019-03-20 11:00:53 INFO  Main:141 - Customer logged in with name: "Kyle Broflovski"
2019-03-18 12:20:55 INFO  Main:31 - this is info2019-03-20 11:00:59 INFO  Main:36 - Main.java started running.

2019-03-18 12:20:55 INFO  Main:31 - this is info2019-03-20 11:01:11 INFO  Main:181 - Employee logged in with name: "Randy Marsh"
2019-03-18 12:20:55 INFO  Main:31 - this is info2019-03-20 11:01:18 INFO  Main:305 - Employee: 1, ID: Randy approved account for: "Kyle Broflovski"
2019-03-18 12:20:55 INFO  Main:31 - this is info2019-03-20 11:01:50 INFO  Main:817 - System Exited
2019-03-18 12:20:55 INFO  Main:31 - this is info2019-03-20 11:01:50 INFO  Main:368 - Employee: Randy Exited the System.
2019-03-18 12:20:55 INFO  Main:31 - this is info2019-03-20 11:01:53 INFO  Main:36 - Main.java started running.

2019-03-18 12:20:55 INFO  Main:31 - this is info2019-03-20 11:02:11 INFO  Main:141 - Customer logged in with name: "Kyle Broflovski"
2019-03-18 12:20:55 INFO  Main:31 - this is info2019-03-20 11:02:54 INFO  Main:793 - System Exited
2019-03-18 12:20:55 INFO  Main:31 - this is info2019-03-20 11:03:35 INFO  Main:36 - Main.java started running.

2019-03-18 12:20:55 INFO  Main:31 - this is info2019-03-20 11:03:52 INFO  Main:141 - Customer logged in with name: "Lemmi Winks"
2019-03-18 12:20:55 INFO  Main:31 - this is info2019-03-20 11:05:27 INFO  Main:36 - Main.java started running.

2019-03-18 12:20:55 INFO  Main:31 - this is info2019-03-20 11:05:54 INFO  Main:141 - Customer logged in with name: "Jimmy Hamster"
2019-03-18 12:20:55 INFO  Main:31 - this is info2019-03-20 11:07:47 INFO  Main:36 - Main.java started running.

2019-03-18 12:20:55 INFO  Main:31 - this is info2019-03-20 11:08:02 INFO  Main:141 - Customer logged in with name: "Jarbit Robturkey"
2019-03-18 12:20:55 INFO  Main:31 - this is info2019-03-20 11:09:00 INFO  Main:793 - System Exited
2019-03-18 12:20:55 INFO  Main:31 - this is info2019-03-20 11:09:04 INFO  Main:36 - Main.java started running.

2019-03-18 12:20:55 INFO  Main:31 - this is info2019-03-20 11:09:34 INFO  Main:181 - Employee logged in with name: "Erik Cartman"
2019-03-18 12:20:55 INFO  Main:31 - this is info2019-03-20 11:10:35 INFO  Main:501 - Employee: Erik, Deleted Customer:  Bobby
2019-03-18 12:20:55 INFO  Main:31 - this is info2019-03-20 11:11:12 INFO  Main:817 - System Exited
2019-03-18 12:20:55 INFO  Main:31 - this is info2019-03-20 11:11:30 INFO  Main:36 - Main.java started running.

2019-03-18 12:20:55 INFO  Main:31 - this is info2019-03-20 11:11:52 INFO  Main:141 - Customer logged in with name: "Jarbit Robturkey"
2019-03-18 12:20:55 INFO  Main:31 - this is info2019-03-20 11:12:25 INFO  Main:793 - System Exited
2019-03-18 12:20:55 INFO  Main:31 - this is info2019-03-20 11:12:29 INFO  Main:36 - Main.java started running.

2019-03-18 12:20:55 INFO  Main:31 - this is info2019-03-20 11:13:10 INFO  Main:793 - System Exited
2019-03-18 12:20:55 INFO  Main:31 - this is info2019-03-20 11:13:13 INFO  Main:36 - Main.java started running.

2019-03-18 12:20:55 INFO  Main:31 - this is info2019-03-20 11:13:21 INFO  Main:141 - Customer logged in with name: "Test Test"
2019-03-18 12:20:55 INFO  Main:31 - this is info2019-03-20 11:13:33 INFO  Main:36 - Main.java started running.

2019-03-18 12:20:55 INFO  Main:31 - this is info2019-03-20 11:13:48 INFO  Main:181 - Employee logged in with name: "Erik Cartman"
2019-03-18 12:20:55 INFO  Main:31 - this is info2019-03-20 11:14:04 INFO  Main:432 - Employee: Erik, approved account for:  Test
2019-03-18 12:20:55 INFO  Main:31 - this is info2019-03-20 11:14:17 INFO  Main:36 - Main.java started running.

2019-03-18 12:20:55 INFO  Main:31 - this is info2019-03-20 11:14:27 INFO  Main:141 - Customer logged in with name: "Test Test"
2019-03-18 12:20:55 INFO  Main:31 - this is info2019-03-20 11:14:41 INFO  Main:793 - System Exited
2019-03-18 12:20:55 INFO  Main:31 - this is info2019-03-20 11:16:29 INFO  Main:36 - Main.java started running.

2019-03-18 12:20:55 INFO  Main:31 - this is info2019-03-20 11:16:41 INFO  Main:181 - Employee logged in with name: "Erik Cartman"
2019-03-18 12:20:55 INFO  Main:31 - this is info2019-03-20 11:16:48 INFO  Main:501 - Employee: Erik, Deleted Customer:  Test
2019-03-18 12:20:55 INFO  Main:31 - this is info2019-03-20 11:16:58 INFO  Main:817 - System Exited
2019-03-18 12:20:55 INFO  Main:31 - this is info2019-03-20 11:17:05 INFO  Main:36 - Main.java started running.

2019-03-18 12:20:55 INFO  Main:31 - this is info2019-03-20 11:17:19 INFO  Main:141 - Customer logged in with name: "Jarbit Robturkey"
2019-03-18 12:20:55 INFO  Main:31 - this is info2019-03-20 11:17:28 INFO  Main:793 - System Exited
2019-03-18 12:20:55 INFO  Main:31 - this is info2019-03-20 11:18:34 INFO  Main:36 - Main.java started running.

2019-03-18 12:20:55 INFO  Main:31 - this is info2019-03-20 11:20:51 INFO  Main:141 - Customer logged in with name: "Test test"
2019-03-18 12:20:55 INFO  Main:31 - this is info2019-03-20 11:21:35 INFO  Main:36 - Main.java started running.

2019-03-18 12:20:55 INFO  Main:31 - this is info2019-03-20 11:21:46 INFO  Main:141 - Customer logged in with name: "Test test"
2019-03-18 12:20:55 INFO  Main:31 - this is info2019-03-20 11:21:53 INFO  Main:36 - Main.java started running.

2019-03-18 12:20:55 INFO  Main:31 - this is info2019-03-20 11:22:05 INFO  Main:181 - Employee logged in with name: "Erik Cartman"
2019-03-18 12:20:55 INFO  Main:31 - this is info2019-03-20 11:22:17 INFO  Main:432 - Employee: Erik, approved account for:  Test
2019-03-18 12:20:55 INFO  Main:31 - this is info2019-03-20 11:23:09 INFO  Main:817 - System Exited
2019-03-18 12:20:55 INFO  Main:31 - this is info2019-03-20 11:23:11 INFO  Main:36 - Main.java started running.

2019-03-18 12:20:55 INFO  Main:31 - this is info2019-03-20 11:23:19 INFO  Main:141 - Customer logged in with name: "Test test"
2019-03-18 12:20:55 INFO  Main:31 - this is info2019-03-20 11:23:31 INFO  Main:793 - System Exited
2019-03-18 12:20:55 INFO  Main:31 - this is info2019-03-20 11:23:34 INFO  Main:36 - Main.java started running.

2019-03-18 12:20:55 INFO  Main:31 - this is info2019-03-20 11:23:45 WARN  Main:190 - Failed Login attemp using name: "Randy", and password "test"
2019-03-18 12:20:55 INFO  Main:31 - this is info2019-03-20 11:23:53 INFO  Main:181 - Employee logged in with name: "Randy Marsh"
2019-03-18 12:20:55 INFO  Main:31 - this is info2019-03-20 11:24:26 INFO  Main:817 - System Exited
2019-03-18 12:20:55 INFO  Main:31 - this is info2019-03-20 11:24:26 INFO  Main:368 - Employee: Randy Exited the System.
2019-03-18 12:20:55 INFO  Main:31 - this is info2019-03-20 11:24:29 INFO  Main:36 - Main.java started running.

2019-03-18 12:20:55 INFO  Main:31 - this is info2019-03-20 11:24:41 INFO  Main:181 - Employee logged in with name: "Erik Cartman"
2019-03-18 12:20:55 INFO  Main:31 - this is info2019-03-20 11:25:03 INFO  Main:501 - Employee: Erik, Deleted Customer:  Test
2019-03-18 12:20:55 INFO  Main:31 - this is info2019-03-20 11:25:17 INFO  Main:817 - System Exited
2019-03-18 12:20:55 INFO  Main:31 - this is info2019-03-20 11:29:52 INFO  Main:36 - Main.java started running.

2019-03-18 12:20:55 INFO  Main:31 - this is info2019-03-20 11:32:18 INFO  Main:141 - Customer logged in with name: "Jarbit Robturkey"
2019-03-18 12:20:55 INFO  Main:31 - this is info2019-03-20 11:33:03 INFO  Main:793 - System Exited
2019-03-18 12:20:55 INFO  Main:31 - this is info2019-03-20 11:33:07 INFO  Main:36 - Main.java started running.

2019-03-18 12:20:55 INFO  Main:31 - this is info2019-03-20 11:33:42 INFO  Main:141 - Customer logged in with name: "Test test"
2019-03-18 12:20:55 INFO  Main:31 - this is info2019-03-20 11:34:00 INFO  Main:36 - Main.java started running.

2019-03-18 12:20:55 INFO  Main:31 - this is info2019-03-20 11:34:14 INFO  Main:181 - Employee logged in with name: "Erik Cartman"
2019-03-18 12:20:55 INFO  Main:31 - this is info2019-03-20 11:34:24 INFO  Main:432 - Employee: Erik, approved account for:  Test
2019-03-18 12:20:55 INFO  Main:31 - this is info2019-03-20 11:34:37 INFO  Main:817 - System Exited
2019-03-18 12:20:55 INFO  Main:31 - this is info2019-03-20 11:34:40 INFO  Main:36 - Main.java started running.

2019-03-18 12:20:55 INFO  Main:31 - this is info2019-03-20 11:34:50 INFO  Main:141 - Customer logged in with name: "Test test"
2019-03-18 12:20:55 INFO  Main:31 - this is info2019-03-20 11:35:16 INFO  Main:793 - System Exited
2019-03-18 12:20:55 INFO  Main:31 - this is info2019-03-20 11:35:19 INFO  Main:36 - Main.java started running.

2019-03-18 12:20:55 INFO  Main:31 - this is info2019-03-20 11:35:47 INFO  Main:181 - Employee logged in with name: "Randy Marsh"
2019-03-18 12:20:55 INFO  Main:31 - this is info2019-03-20 11:36:04 INFO  Main:36 - Main.java started running.

2019-03-18 12:20:55 INFO  Main:31 - this is info2019-03-20 11:36:12 INFO  Main:181 - Employee logged in with name: "Randy Marsh"
2019-03-18 12:20:55 INFO  Main:31 - this is info2019-03-20 11:36:51 INFO  Main:817 - System Exited
2019-03-18 12:20:55 INFO  Main:31 - this is info2019-03-20 11:36:51 INFO  Main:368 - Employee: Randy Exited the System.
2019-03-18 12:20:55 INFO  Main:31 - this is info2019-03-20 11:36:53 INFO  Main:36 - Main.java started running.

2019-03-18 12:20:55 INFO  Main:31 - this is info2019-03-20 11:37:08 INFO  Main:181 - Employee logged in with name: "Erik Cartman"
2019-03-18 12:20:55 INFO  Main:31 - this is info2019-03-20 11:37:29 INFO  Main:501 - Employee: Erik, Deleted Customer:  Test
2019-03-18 12:20:55 INFO  Main:31 - this is info2019-03-20 11:37:57 INFO  Main:817 - System Exited
2019-03-18 12:20:55 INFO  Main:31 - this is info2019-03-20 11:38:29 INFO  Main:36 - Main.java started running.

2019-03-18 12:20:55 INFO  Main:31 - this is info2019-03-20 11:40:31 INFO  Main:36 - Main.java started running.

2019-03-18 12:20:55 INFO  Main:31 - this is info2019-03-20 11:40:54 INFO  Main:181 - Employee logged in with name: "Randy Marsh"
2019-03-18 12:20:55 INFO  Main:31 - this is info2019-03-20 11:41:15 INFO  Main:817 - System Exited
2019-03-18 12:20:55 INFO  Main:31 - this is info2019-03-20 11:41:15 INFO  Main:368 - Employee: Randy Exited the System.
2019-03-18 12:20:55 INFO  Main:31 - this is info2019-03-20 11:45:37 INFO  Main:36 - Main.java started running.

2019-03-18 12:20:55 INFO  Main:31 - this is info2019-03-20 11:47:39 INFO  Main:36 - Main.java started running.

2019-03-18 12:20:55 INFO  Main:31 - this is info2019-03-20 11:48:35 INFO  Main:36 - Main.java started running.

2019-03-18 12:20:55 INFO  Main:31 - this is info2019-03-20 11:48:50 INFO  Main:36 - Main.java started running.

2019-03-18 12:20:55 INFO  Main:31 - this is info2019-03-20 11:49:06 INFO  Main:181 - Employee logged in with name: "Randy Marsh"
2019-03-18 12:20:55 INFO  Main:31 - this is info2019-03-20 11:49:22 INFO  Main:817 - System Exited
2019-03-18 12:20:55 INFO  Main:31 - this is info2019-03-20 11:49:22 INFO  Main:368 - Employee: Randy Exited the System.
2019-03-18 12:20:55 INFO  Main:31 - this is info2019-03-20 11:49:26 INFO  Main:36 - Main.java started running.

2019-03-18 12:20:55 INFO  Main:31 - this is info2019-03-20 11:54:27 INFO  Main:793 - System Exited
2019-03-18 12:20:55 INFO  Main:31 - this is info2019-03-20 12:22:48 INFO  Main:36 - Main.java started running.

2019-03-18 12:20:55 INFO  Main:31 - this is info2019-03-20 12:23:29 INFO  Main:141 - Customer logged in with name: "Jarbit Robturkey"
2019-03-18 12:20:55 INFO  Main:31 - this is info2019-03-20 12:24:12 INFO  Main:36 - Main.java started running.

2019-03-18 12:20:55 INFO  Main:31 - this is info2019-03-20 12:24:23 INFO  Main:141 - Customer logged in with name: "Jarbit Robturkey"
2019-03-18 12:20:55 INFO  Main:31 - this is info2019-03-20 12:24:41 INFO  Main:36 - Main.java started running.

2019-03-18 12:20:55 INFO  Main:31 - this is info2019-03-20 12:25:09 INFO  Main:141 - Customer logged in with name: "Test test"
2019-03-18 12:20:55 INFO  Main:31 - this is info2019-03-20 12:25:23 INFO  Main:36 - Main.java started running.

2019-03-18 12:20:55 INFO  Main:31 - this is info2019-03-20 12:25:37 INFO  Main:181 - Employee logged in with name: "Erik Cartman"
2019-03-18 12:20:55 INFO  Main:31 - this is info2019-03-20 12:25:57 INFO  Main:432 - Employee: Erik, approved account for:  Test
2019-03-18 12:20:55 INFO  Main:31 - this is info2019-03-20 12:26:01 INFO  Main:817 - System Exited
2019-03-18 12:20:55 INFO  Main:31 - this is info2019-03-20 12:26:03 INFO  Main:36 - Main.java started running.

2019-03-18 12:20:55 INFO  Main:31 - this is info2019-03-20 12:26:12 INFO  Main:141 - Customer logged in with name: "Test test"
2019-03-18 12:20:55 INFO  Main:31 - this is info2019-03-20 12:26:33 INFO  Main:36 - Main.java started running.

2019-03-18 12:20:55 INFO  Main:31 - this is info2019-03-20 12:27:06 INFO  Main:36 - Main.java started running.

2019-03-18 12:20:55 INFO  Main:31 - this is info2019-03-20 12:27:16 INFO  Main:181 - Employee logged in with name: "Erik Cartman"
2019-03-18 12:20:55 INFO  Main:31 - this is info2019-03-20 12:27:55 INFO  Main:501 - Employee: Erik, Deleted Customer:  Test
2019-03-18 12:20:55 INFO  Main:31 - this is info2019-03-20 12:34:13 INFO  Main:36 - Main.java started running.

2019-03-18 12:20:55 INFO  Main:31 - this is info2019-03-20 12:34:26 INFO  Main:181 - Employee logged in with name: "Randy Marsh"
2019-03-18 12:20:55 INFO  Main:31 - this is info2019-03-20 12:34:48 INFO  Main:817 - System Exited
2019-03-18 12:20:55 INFO  Main:31 - this is info2019-03-20 12:34:48 INFO  Main:368 - Employee: Randy Exited the System.
2019-03-18 12:20:55 INFO  Main:31 - this is info2019-03-20 12:34:52 INFO  Main:36 - Main.java started running.

2019-03-18 12:20:55 INFO  Main:31 - this is info2019-03-20 12:35:10 INFO  Main:141 - Customer logged in with name: "Jarbit Robturkey"
2019-03-18 12:20:55 INFO  Main:31 - this is info2019-03-20 12:35:30 INFO  Main:793 - System Exited
2019-03-18 12:20:55 INFO  Main:31 - this is info